TN:
SF:src/components/Button.tsx
FN:7,Button
FNF:1
FNH:1
FNDA:4,Button
DA:8,4
LF:1
LH:1
BRF:0
BRH:0
end_of_record
TN:
SF:src/components/Filter.tsx
FN:9,Filter
FNF:1
FNH:1
FNDA:7,Filter
DA:10,7
DA:12,7
DA:13,7
LF:3
LH:3
BRDA:9,0,0,1
BRDA:12,1,0,3
BRDA:12,1,1,4
BRDA:16,2,0,3
BRDA:16,2,1,4
BRDA:24,3,0,3
BRDA:24,3,1,4
BRF:7
BRH:7
end_of_record
TN:
SF:src/components/Header.tsx
FN:15,Header
FN:19,handleGoBack
FNF:2
FNH:1
FNDA:1,Header
FNDA:0,handleGoBack
DA:16,1
DA:17,1
DA:20,0
DA:23,1
LF:4
LH:3
BRF:0
BRH:0
end_of_record
TN:
SF:src/components/Input.tsx
FN:3,Input
FNF:1
FNH:1
FNDA:1,Input
DA:4,1
LF:1
LH:1
BRF:0
BRH:0
end_of_record
TN:
SF:src/components/Loading.tsx
FN:3,Loading
FNF:1
FNH:0
FNDA:0,Loading
DA:4,0
LF:1
LH:0
BRF:0
BRH:0
end_of_record
TN:
SF:src/components/Order.tsx
FN:28,Order
FNF:1
FNH:0
FNDA:0,Order
DA:29,0
DA:30,0
DA:32,0
LF:3
LH:0
BRDA:30,0,0,0
BRDA:30,0,1,0
BRDA:59,1,0,0
BRDA:59,1,1,0
BRF:4
BRH:0
end_of_record
TN:
SF:src/routes/app.routes.tsx
FN:9,AppRoutes
FNF:1
FNH:0
FNDA:0,AppRoutes
DA:7,0
DA:10,0
LF:2
LH:0
BRF:0
BRH:0
end_of_record
TN:
SF:src/routes/index.tsx
FN:6,Routes
FNF:1
FNH:0
FNDA:0,Routes
DA:7,0
LF:1
LH:0
BRF:0
BRH:0
end_of_record
TN:
SF:src/screens/Details.tsx
FN:10,Details
FNF:1
FNH:0
FNDA:0,Details
DA:11,0
DA:12,0
DA:14,0
LF:3
LH:0
BRF:0
BRH:0
end_of_record
TN:
SF:src/screens/Home.tsx
FN:21,Home
FN:28,handleNewOrder
FN:32,handleOpenDetails
FN:78,(anonymous_3)
FN:86,(anonymous_4)
FN:93,(anonymous_5)
FN:94,(anonymous_6)
FN:94,(anonymous_7)
FN:97,(anonymous_8)
FNF:9
FNH:5
FNDA:3,Home
FNDA:1,handleNewOrder
FNDA:0,handleOpenDetails
FNDA:1,(anonymous_3)
FNDA:1,(anonymous_4)
FNDA:0,(anonymous_5)
FNDA:0,(anonymous_6)
FNDA:0,(anonymous_7)
FNDA:3,(anonymous_8)
DA:22,3
DA:23,3
DA:25,3
DA:26,3
DA:29,1
DA:33,0
DA:36,3
DA:78,1
DA:86,1
DA:93,0
DA:94,0
DA:98,3
LF:12
LH:9
BRDA:110,0,0,2
BRDA:110,0,1,1
BRF:2
BRH:2
end_of_record
TN:
SF:src/screens/Intro.tsx
FN:6,(anonymous_0)
FNF:1
FNH:1
FNDA:1,(anonymous_0)
DA:6,1
DA:7,1
DA:17,1
LF:3
LH:3
BRF:0
BRH:0
end_of_record
TN:
SF:src/screens/Register.tsx
FN:7,Register
FNF:1
FNH:0
FNDA:0,Register
DA:8,0
LF:1
LH:0
BRF:0
BRH:0
end_of_record
TN:
SF:src/screens/SignIn.tsx
FN:10,(anonymous_0)
FN:16,handleSignIn
FN:47,(anonymous_2)
FNF:3
FNH:0
FNDA:0,(anonymous_0)
FNDA:0,handleSignIn
FNDA:0,(anonymous_2)
DA:10,0
DA:11,0
DA:13,0
DA:14,0
DA:17,0
DA:20,0
DA:47,0
LF:7
LH:0
BRF:0
BRH:0
end_of_record
